     1                                 %line 1+1 main.asm
     2                                 
     3                                 
     4                                 
     5                                 
     6                                 
     7                                 [global main]
     8                                 [extern call_user_function]
     9                                 [extern print_long]
    10                                 [extern add_13]
    11                                 
    12                                 [section .data]
    13                                 
    14                                 
    15                                 [section .text]
    16                                 main:
    17                                 
    18 00000000 E8(F6FFFFFF)            call call_user_function
    19 00000005 4831C0                  xor rax, rax
    20                                 
    21                                 
    22 00000008 48C7C700CA9A3B          mov rdi, 1000000000
    23 0000000F E8(F6FFFFFF)            call print_long
    24                                 
    25                                 
    26 00000014 48C7C70D000000          mov rdi, 13
    27 0000001B E8(F6FFFFFF)            call add_13
    28 00000020 4889C7                  mov rdi, rax
    29 00000023 E8(F6FFFFFF)            call print_long
    30                                 
    31 00000028 C3                      ret
