     1                                 %line 1+1 sobel_gp/main.asm
     2                                 
     3                                 
     4                                 
     5                                 
     6                                 
     7                                 
     8                                 
     9                                 
    10                                 
    11                                 
    12                                 
    13                                 
    14                                 
    15                                 
    16                                 
    17                                 
    18                                 
    19                                 
    20                                 
    21                                 
    22                                 [extern printf]
    23                                 
    24                                 [global apply_gp_sobel]
    25                                 
    26                                 
    27                                 [section .data]
    28                                 
    29                                 
    30                                 
    31                                 
    32                                 
    33 00000000 000000000000F0BF        sobel0: dq -1.0
    34 00000008 00000000000000C0        sobel1: dq -2.0
    35 00000010 000000000000F0BF        sobel2: dq -1.0
    36 00000018 0000000000000000        sobel3: dq 0.0
    37 00000020 0000000000000000        sobel4: dq 0.0
    38 00000028 0000000000000000        sobel5: dq 0.0
    39 00000030 000000000000F03F        sobel6: dq 1.0
    40 00000038 0000000000000040        sobel7: dq 2.0
    41 00000040 000000000000F03F        sobel8: dq 1.0
    42                                 
    43                                 [section .text]
    44                                 apply_gp_sobel:
    45                                 
    46 00000000 55                      push rbp
    47 00000001 4889E5                  mov rbp, rsp
    48 00000004 4883EC48                sub rsp, 72
    49                                 
    50                                 
    51                                 
    52                                 
    53                                 
    54                                 
    55                                 
    56                                 
    57                                 
    58                                 
    59 00000008 4883FA03                cmp rdx, 3
    60 0000000C 0F8C40010000            jl clean_and_return
    61 00000012 4883F903                cmp rcx, 3
    62 00000016 0F8C36010000            jl clean_and_return
    63                                 
    64                                 
    65                                 
    66 0000001C 4883EA02                sub rdx, 2
    67 00000020 4883E902                sub rcx, 2
    68 00000024 48C1E103                shl rcx, 3
    69                                 
    70                                 
    71 00000028 F20F100425[00000000]      movsd xmm0, [sobel0]
    72 00000031 F20F100C25[00000000]      movsd xmm1, [sobel1]
    73 0000003A F20F101425[00000000]      movsd xmm2, [sobel2]
    74 00000043 F20F101C25[00000000]      movsd xmm3, [sobel3]
    75 0000004C F20F102425[00000000]      movsd xmm4, [sobel4]
    76 00000055 F20F102C25[00000000]      movsd xmm5, [sobel5]
    77 0000005E F20F103425[00000000]      movsd xmm6, [sobel6]
    78 00000067 F20F103C25[00000000]      movsd xmm7, [sobel7]
    79 00000070 F2440F100425[000000-     movsd xmm8, [sobel8]
    80 00000070 00]                
    81                                 
    82                                 
    83 0000007A 4801CE                  add rsi, rcx
    84 0000007D 4883C618                add rsi, 24
    85                                 
    86 00000081 4D31C0                  xor r8, r8
    87                                 
    88                                 
    89                                  outer_loop:
    90                                 
    91 00000084 4D31C9                  xor r9, r9
    92                                 
    93                                  inner_loop:
    94                                 
    95                                 
    96                                 
    97                                 
    98                                 
    99                                 
   100 00000087 F2450F5CFF              subsd xmm15, xmm15
   101                                 
   102                                 
   103 0000008C 4989FA                  mov r10, rdi
   104                                 
   105                                 
   106                                 
   107                                 
   108                                 
   109 0000008F C4417D100A              vmovupd ymm9, [r10]
   110 00000094 C443FD00D101            vpermq ymm10, ymm9, 0x01
   111 0000009A C443FD00D902            vpermq ymm11, ymm9, 0x02
   112                                 
   113 000000A0 F2440F59C8              mulsd xmm9, xmm0
   114 000000A5 F2440F59D1              mulsd xmm10, xmm1
   115 000000AA F2440F59DA              mulsd xmm11, xmm2
   116 000000AF F2450F58CA              addsd xmm9, xmm10
   117 000000B4 F2450F58CB              addsd xmm9, xmm11
   118 000000B9 F2450F58F9              addsd xmm15, xmm9
   119                                 
   120 000000BE 4901CA                  add r10, rcx
   121 000000C1 4983C210                add r10, 16
   122                                 
   123 000000C5 F2450F1022              movsd xmm12, QWORD [r10]
   124 000000CA F2450F106A08            movsd xmm13, QWORD [r10 + 8]
   125 000000D0 F2450F107210            movsd xmm14, QWORD [r10 + 16]
   126                                 
   127                                 
   128                                 
   129                                 
   130                                 
   131 000000D6 F2440F59E3              mulsd xmm12, xmm3
   132 000000DB F2440F59EC              mulsd xmm13, xmm4
   133 000000E0 F2440F59F5              mulsd xmm14, xmm5
   134 000000E5 F2450F58E5              addsd xmm12, xmm13
   135 000000EA F2450F58E6              addsd xmm12, xmm14
   136 000000EF F2450F58FC              addsd xmm15, xmm12
   137                                 
   138 000000F4 4901CA                  add r10, rcx
   139 000000F7 4983C210                add r10, 16
   140                                 
   141 000000FB F2450F100A              movsd xmm9, QWORD [r10]
   142 00000100 F2450F105208            movsd xmm10, QWORD [r10 + 8]
   143 00000106 F2450F105A10            movsd xmm11, QWORD [r10 + 16]
   144 0000010C F2440F59CE              mulsd xmm9, xmm6
   145 00000111 F2440F59D7              mulsd xmm10, xmm7
   146 00000116 F2450F59D8              mulsd xmm11, xmm8
   147 0000011B F2450F58CA              addsd xmm9, xmm10
   148 00000120 F2450F58CB              addsd xmm9, xmm11
   149 00000125 F2450F58F9              addsd xmm15, xmm9
   150                                 
   151                                 
   152 0000012A F2440F113E              movsd [rsi], xmm15
   153                                 
   154 0000012F 4883C708                add rdi, 8
   155 00000133 4883C608                add rsi, 8
   156                                 
   157                                 
   158 00000137 4983C108                add r9, 8
   159 0000013B 4939C9                  cmp r9, rcx
   160 0000013E 0F8C3DFFFFFF            jl inner_loop
   161                                 
   162                                 
   163 00000144 4883C710                add rdi, 16
   164 00000148 4883C610                add rsi, 16
   165                                 
   166                                 
   167 0000014C 49FFC0                  inc r8
   168 0000014F 4C39C2                  cmp rdx, r8
   169 00000152 0F8526FFFFFF            jne outer_loop
   170                                 
   171                                  clean_and_return:
   172                                 
   173 00000158 4883C448                add rsp, 72
   174 0000015C 5D                      pop rbp
   175 0000015D 4831C0                  xor rax, rax
   176 00000160 C3                      ret
   177                                 
   178                                 
   179                                  invalid_image_size:
   180                                 
   181                                 
   182                                 
   183 00000161 EBF3                    jmp clean_and_return
   184                                 
   185                                 
   186                                 
   187                                 
   188                                 
   189                                 
   190                                 
   191                                 
   192                                 
   193                                 
   194                                 
